<?xml version="1.0" encoding="UTF-8"?>
<!-- Generated by org.testng.reporters.JUnitReportReporter -->
<testsuite hostname="DESKTOP-QT8GCPR" failures="0" tests="1" name="com.Runner_Class.RestAssured" time="4.525" errors="0" timestamp="2023-11-04T14:26:52 IST" skipped="0">
  <testcase classname="com.Runner_Class.RestAssured" name="schemavalidation" time="4.525"/>
</testsuite> <!-- com.Runner_Class.RestAssured -->
